2025-11-14T06:33:25.194+05:30  INFO 9460 --- [product-service] [main] c.ecommerce.product.ProductApplication   : Starting ProductApplication using Java 21.0.8 with PID 9460 (C:\Users\gokul\Downloads\NehaDocs\ECOM_MICROSERVICES\ECOM_MICROSERVICES_PROJECT\ecom-microservices\product\target\classes started by gokul in C:\Users\gokul\Downloads\NehaDocs\ECOM_MICROSERVICES\ECOM_MICROSERVICES_PROJECT\ecom-microservices\product)
2025-11-14T06:33:25.199+05:30  INFO 9460 --- [product-service] [main] c.ecommerce.product.ProductApplication   : No active profile set, falling back to 1 default profile: "default"
2025-11-14T06:33:25.305+05:30  INFO 9460 --- [product-service] [main] o.s.c.c.c.ConfigServerConfigDataLoader   : Fetching config from server at : http://localhost:8888
2025-11-14T06:33:25.305+05:30  INFO 9460 --- [product-service] [main] o.s.c.c.c.ConfigServerConfigDataLoader   : Located environment: name=product-service, profiles=[default], label=null, version=459af96c55808fd2a8e785c78e4e6964e2302834, state=
2025-11-14T06:33:27.874+05:30  INFO 9460 --- [product-service] [main] .s.d.r.c.RepositoryConfigurationDelegate : Bootstrapping Spring Data JPA repositories in DEFAULT mode.
2025-11-14T06:33:28.143+05:30  INFO 9460 --- [product-service] [main] .s.d.r.c.RepositoryConfigurationDelegate : Finished Spring Data repository scanning in 244 ms. Found 1 JPA repository interface.
2025-11-14T06:33:28.616+05:30  INFO 9460 --- [product-service] [main] faultConfiguringBeanFactoryPostProcessor : No bean named 'errorChannel' has been explicitly defined. Therefore, a default PublishSubscribeChannel will be created.
2025-11-14T06:33:28.648+05:30  INFO 9460 --- [product-service] [main] faultConfiguringBeanFactoryPostProcessor : No bean named 'integrationHeaderChannelRegistry' has been explicitly defined. Therefore, a default DefaultHeaderChannelRegistry will be created.
2025-11-14T06:33:28.839+05:30  INFO 9460 --- [product-service] [main] o.s.cloud.context.scope.GenericScope     : BeanFactory id=5046c6fb-857f-3da9-9ef5-09c5259d9809
2025-11-14T06:33:29.810+05:30  INFO 9460 --- [product-service] [main] o.s.b.w.embedded.tomcat.TomcatWebServer  : Tomcat initialized with port 8081 (http)
2025-11-14T06:33:29.835+05:30  INFO 9460 --- [product-service] [main] o.apache.catalina.core.StandardService   : Starting service [Tomcat]
2025-11-14T06:33:29.836+05:30  INFO 9460 --- [product-service] [main] o.apache.catalina.core.StandardEngine    : Starting Servlet engine: [Apache Tomcat/10.1.46]
2025-11-14T06:33:29.980+05:30  INFO 9460 --- [product-service] [main] o.a.c.c.C.[Tomcat].[localhost].[/]       : Initializing Spring embedded WebApplicationContext
2025-11-14T06:33:29.981+05:30  INFO 9460 --- [product-service] [main] w.s.c.ServletWebServerApplicationContext : Root WebApplicationContext: initialization completed in 4672 ms
2025-11-14T06:33:30.832+05:30  INFO 9460 --- [product-service] [main] o.hibernate.jpa.internal.util.LogHelper  : HHH000204: Processing PersistenceUnitInfo [name: default]
2025-11-14T06:33:31.048+05:30  INFO 9460 --- [product-service] [main] org.hibernate.Version                    : HHH000412: Hibernate ORM core version 6.6.29.Final
2025-11-14T06:33:31.147+05:30  INFO 9460 --- [product-service] [main] o.h.c.internal.RegionFactoryInitiator    : HHH000026: Second-level cache disabled
2025-11-14T06:33:31.845+05:30  INFO 9460 --- [product-service] [main] o.s.o.j.p.SpringPersistenceUnitInfo      : No LoadTimeWeaver setup: ignoring JPA class transformer
2025-11-14T06:33:31.881+05:30  WARN 9460 --- [product-service] [main] org.hibernate.orm.deprecation            : HHH90000021: Encountered deprecated setting [hibernate.temp.use_jdbc_metadata_defaults], use [hibernate.boot.allow_jdbc_metadata_access] instead
2025-11-14T06:33:31.938+05:30  WARN 9460 --- [product-service] [main] org.hibernate.orm.deprecation            : HHH90000025: PostgreSQLDialect does not need to be specified explicitly using 'hibernate.dialect' (remove the property setting and it will be selected by default)
2025-11-14T06:33:31.984+05:30  INFO 9460 --- [product-service] [main] org.hibernate.orm.connections.pooling    : HHH10001005: Database info:
	Database JDBC URL [undefined/unknown]
	Database driver: undefined/unknown
	Database version: 12.0
	Autocommit mode: undefined/unknown
	Isolation level: <unknown>
	Minimum pool size: undefined/unknown
	Maximum pool size: undefined/unknown
2025-11-14T06:33:33.696+05:30  INFO 9460 --- [product-service] [main] o.h.e.t.j.p.i.JtaPlatformInitiator       : HHH000489: No JTA platform available (set 'hibernate.transaction.jta.platform' to enable JTA platform integration)
2025-11-14T06:33:33.720+05:30  INFO 9460 --- [product-service] [main] com.zaxxer.hikari.HikariDataSource       : HikariPool-1 - Starting...
2025-11-14T06:33:38.999+05:30  INFO 9460 --- [product-service] [main] com.zaxxer.hikari.pool.HikariPool        : HikariPool-1 - Added connection org.postgresql.jdbc.PgConnection@6f0ab520
2025-11-14T06:33:39.002+05:30  INFO 9460 --- [product-service] [main] com.zaxxer.hikari.HikariDataSource       : HikariPool-1 - Start completed.
2025-11-14T06:33:39.828+05:30  INFO 9460 --- [product-service] [main] j.LocalContainerEntityManagerFactoryBean : Initialized JPA EntityManagerFactory for persistence unit 'default'
2025-11-14T06:33:40.715+05:30  INFO 9460 --- [product-service] [main] o.s.d.j.r.query.QueryEnhancerFactory     : Hibernate is in classpath; If applicable, HQL parser will be used.
2025-11-14T06:33:42.874+05:30  WARN 9460 --- [product-service] [main] JpaBaseConfiguration$JpaWebConfiguration : spring.jpa.open-in-view is enabled by default. Therefore, database queries may be performed during view rendering. Explicitly configure spring.jpa.open-in-view to disable this warning
2025-11-14T06:33:45.002+05:30  WARN 9460 --- [product-service] [main] c.f.c.c.BeanFactoryAwareFunctionRegistry : Failed to locate function 'busConsumer' for function definition 'busConsumer'. Returning null.
2025-11-14T06:33:45.211+05:30  INFO 9460 --- [product-service] [main] o.s.c.s.m.DirectWithAttributesChannel    : Channel 'product-service.springCloudBusInput' has 1 subscriber(s).
2025-11-14T06:33:45.652+05:30  INFO 9460 --- [product-service] [main] DiscoveryClientOptionalArgsConfiguration : Eureka HTTP Client uses RestTemplate.
2025-11-14T06:33:45.763+05:30  WARN 9460 --- [product-service] [main] iguration$LoadBalancerCaffeineWarnLogger : Spring Cloud LoadBalancer is currently working with the default cache. While this cache implementation is useful for development and tests, it's recommended to use Caffeine cache in production.You can switch to using Caffeine cache, by adding it and org.springframework.cache.caffeine.CaffeineCacheManager to the classpath.
2025-11-14T06:33:45.787+05:30  INFO 9460 --- [product-service] [main] o.s.b.a.e.web.EndpointLinksResolver      : Exposing 24 endpoints beneath base path '/actuator'
2025-11-14T06:33:46.008+05:30  INFO 9460 --- [product-service] [main] o.s.i.endpoint.EventDrivenConsumer       : Adding {logging-channel-adapter:_org.springframework.integration.errorLogger} as a subscriber to the 'errorChannel' channel
2025-11-14T06:33:46.011+05:30  INFO 9460 --- [product-service] [main] o.s.i.channel.PublishSubscribeChannel    : Channel 'product-service.errorChannel' has 1 subscriber(s).
2025-11-14T06:33:46.012+05:30  INFO 9460 --- [product-service] [main] o.s.i.endpoint.EventDrivenConsumer       : started bean '_org.springframework.integration.errorLogger'
2025-11-14T06:33:46.112+05:30  INFO 9460 --- [product-service] [main] o.s.c.n.eureka.InstanceInfoFactory       : Setting initial instance status as: STARTING
2025-11-14T06:33:46.164+05:30  INFO 9460 --- [product-service] [main] com.netflix.discovery.DiscoveryClient    : Initializing Eureka in region us-east-1
2025-11-14T06:33:46.173+05:30  INFO 9460 --- [product-service] [main] c.n.d.s.r.aws.ConfigClusterResolver      : Resolving eureka endpoints via configuration
2025-11-14T06:33:46.199+05:30  INFO 9460 --- [product-service] [main] com.netflix.discovery.DiscoveryClient    : Disable delta property : false
2025-11-14T06:33:46.200+05:30  INFO 9460 --- [product-service] [main] com.netflix.discovery.DiscoveryClient    : Single vip registry refresh property : null
2025-11-14T06:33:46.200+05:30  INFO 9460 --- [product-service] [main] com.netflix.discovery.DiscoveryClient    : Force full registry fetch : false
2025-11-14T06:33:46.200+05:30  INFO 9460 --- [product-service] [main] com.netflix.discovery.DiscoveryClient    : Application is null : false
2025-11-14T06:33:46.201+05:30  INFO 9460 --- [product-service] [main] com.netflix.discovery.DiscoveryClient    : Registered Applications size is zero : true
2025-11-14T06:33:46.201+05:30  INFO 9460 --- [product-service] [main] com.netflix.discovery.DiscoveryClient    : Application version is -1: true
2025-11-14T06:33:46.202+05:30  INFO 9460 --- [product-service] [main] com.netflix.discovery.DiscoveryClient    : Getting all instance registry info from the eureka server
2025-11-14T06:33:46.815+05:30  INFO 9460 --- [product-service] [main] com.netflix.discovery.DiscoveryClient    : The response status is 200
2025-11-14T06:33:46.824+05:30  INFO 9460 --- [product-service] [main] com.netflix.discovery.DiscoveryClient    : Starting heartbeat executor: renew interval is: 30
2025-11-14T06:33:46.833+05:30  INFO 9460 --- [product-service] [main] c.n.discovery.InstanceInfoReplicator     : InstanceInfoReplicator onDemand update allowed rate per min is 4
2025-11-14T06:33:46.840+05:30  INFO 9460 --- [product-service] [main] com.netflix.discovery.DiscoveryClient    : Discovery Client initialized at timestamp 1763082226839 with initial instances count: 1
2025-11-14T06:33:46.848+05:30  INFO 9460 --- [product-service] [main] o.s.c.n.e.s.EurekaServiceRegistry        : Registering application PRODUCT-SERVICE with eureka with status UP
2025-11-14T06:33:46.849+05:30  INFO 9460 --- [product-service] [main] com.netflix.discovery.DiscoveryClient    : Saw local status change event StatusChangeEvent [timestamp=1763082226849, current=UP, previous=STARTING]
2025-11-14T06:33:46.858+05:30  INFO 9460 --- [product-service] [main] o.s.c.s.binder.DefaultBinderFactory      : Creating binder: rabbit
2025-11-14T06:33:46.858+05:30  INFO 9460 --- [product-service] [DiscoveryClient-InstanceInfoReplicator-%d] com.netflix.discovery.DiscoveryClient    : DiscoveryClient_PRODUCT-SERVICE/GocoolsPC.mshome.net:product-service:8081: registering service...
2025-11-14T06:33:46.859+05:30  INFO 9460 --- [product-service] [main] o.s.c.s.binder.DefaultBinderFactory      : Constructing binder child context for rabbit
2025-11-14T06:33:47.012+05:30  INFO 9460 --- [product-service] [DiscoveryClient-InstanceInfoReplicator-%d] com.netflix.discovery.DiscoveryClient    : DiscoveryClient_PRODUCT-SERVICE/GocoolsPC.mshome.net:product-service:8081 - registration status: 204
2025-11-14T06:33:47.124+05:30  INFO 9460 --- [product-service] [main] o.s.c.s.binder.DefaultBinderFactory      : Caching the binder: rabbit
2025-11-14T06:33:47.151+05:30  INFO 9460 --- [product-service] [main] c.s.b.r.p.RabbitExchangeQueueProvisioner : declaring queue for inbound: springCloudBus.anonymous.1xAGUVxiTp66YvsUbM3QvA, bound to: springCloudBus
2025-11-14T06:33:47.163+05:30  INFO 9460 --- [product-service] [main] o.s.a.r.c.CachingConnectionFactory       : Attempting to connect to: [localhost:5672]
2025-11-14T06:33:47.181+05:30  INFO 9460 --- [product-service] [main] o.s.a.r.c.CachingConnectionFactory       : Attempting to connect to: [localhost:5672]
2025-11-14T06:33:47.208+05:30  INFO 9460 --- [product-service] [main] o.s.a.r.c.CachingConnectionFactory       : Attempting to connect to: [localhost:5672]
2025-11-14T06:33:47.239+05:30  INFO 9460 --- [product-service] [main] o.s.c.stream.binder.BinderErrorChannel   : Channel 'rabbit-1865671870.springCloudBusInput.errors' has 1 subscriber(s).
2025-11-14T06:33:47.241+05:30  INFO 9460 --- [product-service] [main] o.s.c.stream.binder.BinderErrorChannel   : Channel 'rabbit-1865671870.springCloudBusInput.errors' has 2 subscriber(s).
2025-11-14T06:33:47.246+05:30  INFO 9460 --- [product-service] [main] o.s.a.r.c.CachingConnectionFactory       : Attempting to connect to: [localhost:5672]
2025-11-14T06:33:47.248+05:30  INFO 9460 --- [product-service] [main] o.s.a.r.l.SimpleMessageListenerContainer : Broker not available; cannot force queue declarations during start: java.net.ConnectException: Connection refused: getsockopt
2025-11-14T06:33:47.264+05:30  INFO 9460 --- [product-service] [springCloudBus.anonymous.1xAGUVxiTp66YvsUbM3QvA-1] o.s.a.r.c.CachingConnectionFactory       : Attempting to connect to: [localhost:5672]
2025-11-14T06:33:47.295+05:30  INFO 9460 --- [product-service] [main] o.s.i.a.i.AmqpInboundChannelAdapter      : started bean 'inbound.springCloudBus.anonymous.1xAGUVxiTp66YvsUbM3QvA'
2025-11-14T06:33:47.331+05:30  INFO 9460 --- [product-service] [main] o.s.b.w.embedded.tomcat.TomcatWebServer  : Tomcat started on port 8081 (http) with context path '/'
2025-11-14T06:33:47.333+05:30  INFO 9460 --- [product-service] [main] .s.c.n.e.s.EurekaAutoServiceRegistration : Updating port to 8081
2025-11-14T06:33:47.479+05:30  INFO 9460 --- [product-service] [main] c.ecommerce.product.ProductApplication   : Started ProductApplication in 24.861 seconds (process running for 27.305)
2025-11-14T06:33:52.366+05:30  WARN 9460 --- [product-service] [springCloudBus.anonymous.1xAGUVxiTp66YvsUbM3QvA-1] o.s.a.r.l.SimpleMessageListenerContainer : Consumer raised exception, processing can restart if the connection factory supports it. Exception summary: org.springframework.amqp.AmqpConnectException: java.net.ConnectException: Connection refused: getsockopt
2025-11-14T06:33:52.371+05:30  INFO 9460 --- [product-service] [springCloudBus.anonymous.1xAGUVxiTp66YvsUbM3QvA-1] o.s.a.r.l.SimpleMessageListenerContainer : Restarting Consumer@e92cb3a: tags=[[]], channel=null, acknowledgeMode=AUTO local queue size=0
2025-11-14T06:33:52.373+05:30  INFO 9460 --- [product-service] [springCloudBus.anonymous.1xAGUVxiTp66YvsUbM3QvA-2] o.s.a.r.c.CachingConnectionFactory       : Attempting to connect to: [localhost:5672]
2025-11-14T06:33:57.517+05:30  WARN 9460 --- [product-service] [springCloudBus.anonymous.1xAGUVxiTp66YvsUbM3QvA-2] o.s.a.r.l.SimpleMessageListenerContainer : Consumer raised exception, processing can restart if the connection factory supports it. Exception summary: org.springframework.amqp.AmqpConnectException: java.net.ConnectException: Connection refused: getsockopt
2025-11-14T06:33:57.518+05:30  INFO 9460 --- [product-service] [springCloudBus.anonymous.1xAGUVxiTp66YvsUbM3QvA-2] o.s.a.r.l.SimpleMessageListenerContainer : Restarting Consumer@4f466f64: tags=[[]], channel=null, acknowledgeMode=AUTO local queue size=0
2025-11-14T06:33:57.521+05:30  INFO 9460 --- [product-service] [springCloudBus.anonymous.1xAGUVxiTp66YvsUbM3QvA-3] o.s.a.r.c.CachingConnectionFactory       : Attempting to connect to: [localhost:5672]
2025-11-14T06:34:02.648+05:30  WARN 9460 --- [product-service] [springCloudBus.anonymous.1xAGUVxiTp66YvsUbM3QvA-3] o.s.a.r.l.SimpleMessageListenerContainer : Consumer raised exception, processing can restart if the connection factory supports it. Exception summary: org.springframework.amqp.AmqpConnectException: java.net.ConnectException: Connection refused: getsockopt
2025-11-14T06:34:02.649+05:30  INFO 9460 --- [product-service] [springCloudBus.anonymous.1xAGUVxiTp66YvsUbM3QvA-3] o.s.a.r.l.SimpleMessageListenerContainer : Restarting Consumer@358996fd: tags=[[]], channel=null, acknowledgeMode=AUTO local queue size=0
2025-11-14T06:34:02.651+05:30  INFO 9460 --- [product-service] [springCloudBus.anonymous.1xAGUVxiTp66YvsUbM3QvA-4] o.s.a.r.c.CachingConnectionFactory       : Attempting to connect to: [localhost:5672]
2025-11-14T06:34:07.785+05:30  WARN 9460 --- [product-service] [springCloudBus.anonymous.1xAGUVxiTp66YvsUbM3QvA-4] o.s.a.r.l.SimpleMessageListenerContainer : Consumer raised exception, processing can restart if the connection factory supports it. Exception summary: org.springframework.amqp.AmqpConnectException: java.net.ConnectException: Connection refused: getsockopt
2025-11-14T06:34:07.786+05:30  INFO 9460 --- [product-service] [springCloudBus.anonymous.1xAGUVxiTp66YvsUbM3QvA-4] o.s.a.r.l.SimpleMessageListenerContainer : Restarting Consumer@577f04a4: tags=[[]], channel=null, acknowledgeMode=AUTO local queue size=0
2025-11-14T06:34:07.791+05:30  INFO 9460 --- [product-service] [springCloudBus.anonymous.1xAGUVxiTp66YvsUbM3QvA-5] o.s.a.r.c.CachingConnectionFactory       : Attempting to connect to: [localhost:5672]
2025-11-14T06:34:12.889+05:30  WARN 9460 --- [product-service] [springCloudBus.anonymous.1xAGUVxiTp66YvsUbM3QvA-5] o.s.a.r.l.SimpleMessageListenerContainer : Consumer raised exception, processing can restart if the connection factory supports it. Exception summary: org.springframework.amqp.AmqpConnectException: java.net.ConnectException: Connection refused: getsockopt
2025-11-14T06:34:12.890+05:30  INFO 9460 --- [product-service] [springCloudBus.anonymous.1xAGUVxiTp66YvsUbM3QvA-5] o.s.a.r.l.SimpleMessageListenerContainer : Restarting Consumer@6f8a8f4: tags=[[]], channel=null, acknowledgeMode=AUTO local queue size=0
2025-11-14T06:34:12.894+05:30  INFO 9460 --- [product-service] [springCloudBus.anonymous.1xAGUVxiTp66YvsUbM3QvA-6] o.s.a.r.c.CachingConnectionFactory       : Attempting to connect to: [localhost:5672]
2025-11-14T06:34:17.995+05:30  WARN 9460 --- [product-service] [springCloudBus.anonymous.1xAGUVxiTp66YvsUbM3QvA-6] o.s.a.r.l.SimpleMessageListenerContainer : Consumer raised exception, processing can restart if the connection factory supports it. Exception summary: org.springframework.amqp.AmqpConnectException: java.net.ConnectException: Connection refused: getsockopt
2025-11-14T06:34:17.996+05:30  INFO 9460 --- [product-service] [springCloudBus.anonymous.1xAGUVxiTp66YvsUbM3QvA-6] o.s.a.r.l.SimpleMessageListenerContainer : Restarting Consumer@2d4e023e: tags=[[]], channel=null, acknowledgeMode=AUTO local queue size=0
2025-11-14T06:34:17.997+05:30  INFO 9460 --- [product-service] [springCloudBus.anonymous.1xAGUVxiTp66YvsUbM3QvA-7] o.s.a.r.c.CachingConnectionFactory       : Attempting to connect to: [localhost:5672]
2025-11-14T06:34:23.108+05:30  WARN 9460 --- [product-service] [springCloudBus.anonymous.1xAGUVxiTp66YvsUbM3QvA-7] o.s.a.r.l.SimpleMessageListenerContainer : Consumer raised exception, processing can restart if the connection factory supports it. Exception summary: org.springframework.amqp.AmqpConnectException: java.net.ConnectException: Connection refused: getsockopt
2025-11-14T06:34:23.108+05:30  INFO 9460 --- [product-service] [springCloudBus.anonymous.1xAGUVxiTp66YvsUbM3QvA-7] o.s.a.r.l.SimpleMessageListenerContainer : Restarting Consumer@a3eb7b6: tags=[[]], channel=null, acknowledgeMode=AUTO local queue size=0
2025-11-14T06:34:23.111+05:30  INFO 9460 --- [product-service] [springCloudBus.anonymous.1xAGUVxiTp66YvsUbM3QvA-8] o.s.a.r.c.CachingConnectionFactory       : Attempting to connect to: [localhost:5672]
2025-11-14T06:34:28.211+05:30  WARN 9460 --- [product-service] [springCloudBus.anonymous.1xAGUVxiTp66YvsUbM3QvA-8] o.s.a.r.l.SimpleMessageListenerContainer : Consumer raised exception, processing can restart if the connection factory supports it. Exception summary: org.springframework.amqp.AmqpConnectException: java.net.ConnectException: Connection refused: getsockopt
2025-11-14T06:34:28.211+05:30  INFO 9460 --- [product-service] [springCloudBus.anonymous.1xAGUVxiTp66YvsUbM3QvA-8] o.s.a.r.l.SimpleMessageListenerContainer : Restarting Consumer@152f7bf8: tags=[[]], channel=null, acknowledgeMode=AUTO local queue size=0
2025-11-14T06:34:28.213+05:30  INFO 9460 --- [product-service] [springCloudBus.anonymous.1xAGUVxiTp66YvsUbM3QvA-9] o.s.a.r.c.CachingConnectionFactory       : Attempting to connect to: [localhost:5672]
2025-11-14T06:34:33.322+05:30  WARN 9460 --- [product-service] [springCloudBus.anonymous.1xAGUVxiTp66YvsUbM3QvA-9] o.s.a.r.l.SimpleMessageListenerContainer : Consumer raised exception, processing can restart if the connection factory supports it. Exception summary: org.springframework.amqp.AmqpConnectException: java.net.ConnectException: Connection refused: getsockopt
2025-11-14T06:34:33.323+05:30  INFO 9460 --- [product-service] [springCloudBus.anonymous.1xAGUVxiTp66YvsUbM3QvA-9] o.s.a.r.l.SimpleMessageListenerContainer : Restarting Consumer@503772c: tags=[[]], channel=null, acknowledgeMode=AUTO local queue size=0
2025-11-14T06:34:33.325+05:30  INFO 9460 --- [product-service] [springCloudBus.anonymous.1xAGUVxiTp66YvsUbM3QvA-10] o.s.a.r.c.CachingConnectionFactory       : Attempting to connect to: [localhost:5672]
2025-11-14T06:34:38.454+05:30  WARN 9460 --- [product-service] [springCloudBus.anonymous.1xAGUVxiTp66YvsUbM3QvA-10] o.s.a.r.l.SimpleMessageListenerContainer : Consumer raised exception, processing can restart if the connection factory supports it. Exception summary: org.springframework.amqp.AmqpConnectException: java.net.ConnectException: Connection refused: getsockopt
2025-11-14T06:34:38.454+05:30  INFO 9460 --- [product-service] [springCloudBus.anonymous.1xAGUVxiTp66YvsUbM3QvA-10] o.s.a.r.l.SimpleMessageListenerContainer : Restarting Consumer@516649c5: tags=[[]], channel=null, acknowledgeMode=AUTO local queue size=0
2025-11-14T06:34:38.456+05:30  INFO 9460 --- [product-service] [springCloudBus.anonymous.1xAGUVxiTp66YvsUbM3QvA-11] o.s.a.r.c.CachingConnectionFactory       : Attempting to connect to: [localhost:5672]
2025-11-14T06:34:43.582+05:30  WARN 9460 --- [product-service] [springCloudBus.anonymous.1xAGUVxiTp66YvsUbM3QvA-11] o.s.a.r.l.SimpleMessageListenerContainer : Consumer raised exception, processing can restart if the connection factory supports it. Exception summary: org.springframework.amqp.AmqpConnectException: java.net.ConnectException: Connection refused: getsockopt
2025-11-14T06:34:43.583+05:30  INFO 9460 --- [product-service] [springCloudBus.anonymous.1xAGUVxiTp66YvsUbM3QvA-11] o.s.a.r.l.SimpleMessageListenerContainer : Restarting Consumer@464af68f: tags=[[]], channel=null, acknowledgeMode=AUTO local queue size=0
2025-11-14T06:34:43.586+05:30  INFO 9460 --- [product-service] [springCloudBus.anonymous.1xAGUVxiTp66YvsUbM3QvA-12] o.s.a.r.c.CachingConnectionFactory       : Attempting to connect to: [localhost:5672]
2025-11-14T06:34:48.698+05:30  WARN 9460 --- [product-service] [springCloudBus.anonymous.1xAGUVxiTp66YvsUbM3QvA-12] o.s.a.r.l.SimpleMessageListenerContainer : Consumer raised exception, processing can restart if the connection factory supports it. Exception summary: org.springframework.amqp.AmqpConnectException: java.net.ConnectException: Connection refused: getsockopt
2025-11-14T06:34:48.699+05:30  INFO 9460 --- [product-service] [springCloudBus.anonymous.1xAGUVxiTp66YvsUbM3QvA-12] o.s.a.r.l.SimpleMessageListenerContainer : Restarting Consumer@7f192eb: tags=[[]], channel=null, acknowledgeMode=AUTO local queue size=0
2025-11-14T06:34:48.701+05:30  INFO 9460 --- [product-service] [springCloudBus.anonymous.1xAGUVxiTp66YvsUbM3QvA-13] o.s.a.r.c.CachingConnectionFactory       : Attempting to connect to: [localhost:5672]
2025-11-14T06:34:53.782+05:30  WARN 9460 --- [product-service] [springCloudBus.anonymous.1xAGUVxiTp66YvsUbM3QvA-13] o.s.a.r.l.SimpleMessageListenerContainer : Consumer raised exception, processing can restart if the connection factory supports it. Exception summary: org.springframework.amqp.AmqpConnectException: java.net.ConnectException: Connection refused: getsockopt
2025-11-14T06:34:53.782+05:30  INFO 9460 --- [product-service] [springCloudBus.anonymous.1xAGUVxiTp66YvsUbM3QvA-13] o.s.a.r.l.SimpleMessageListenerContainer : Restarting Consumer@f03ecc5: tags=[[]], channel=null, acknowledgeMode=AUTO local queue size=0
2025-11-14T06:34:53.784+05:30  INFO 9460 --- [product-service] [springCloudBus.anonymous.1xAGUVxiTp66YvsUbM3QvA-14] o.s.a.r.c.CachingConnectionFactory       : Attempting to connect to: [localhost:5672]
2025-11-14T06:34:58.884+05:30  WARN 9460 --- [product-service] [springCloudBus.anonymous.1xAGUVxiTp66YvsUbM3QvA-14] o.s.a.r.l.SimpleMessageListenerContainer : Consumer raised exception, processing can restart if the connection factory supports it. Exception summary: org.springframework.amqp.AmqpConnectException: java.net.ConnectException: Connection refused: getsockopt
2025-11-14T06:34:58.885+05:30  INFO 9460 --- [product-service] [springCloudBus.anonymous.1xAGUVxiTp66YvsUbM3QvA-14] o.s.a.r.l.SimpleMessageListenerContainer : Restarting Consumer@6df5dd75: tags=[[]], channel=null, acknowledgeMode=AUTO local queue size=0
2025-11-14T06:34:58.888+05:30  INFO 9460 --- [product-service] [springCloudBus.anonymous.1xAGUVxiTp66YvsUbM3QvA-15] o.s.a.r.c.CachingConnectionFactory       : Attempting to connect to: [localhost:5672]
2025-11-14T06:35:04.031+05:30  WARN 9460 --- [product-service] [springCloudBus.anonymous.1xAGUVxiTp66YvsUbM3QvA-15] o.s.a.r.l.SimpleMessageListenerContainer : Consumer raised exception, processing can restart if the connection factory supports it. Exception summary: org.springframework.amqp.AmqpConnectException: java.net.ConnectException: Connection refused: getsockopt
2025-11-14T06:35:04.032+05:30  INFO 9460 --- [product-service] [springCloudBus.anonymous.1xAGUVxiTp66YvsUbM3QvA-15] o.s.a.r.l.SimpleMessageListenerContainer : Restarting Consumer@418bde: tags=[[]], channel=null, acknowledgeMode=AUTO local queue size=0
2025-11-14T06:35:04.035+05:30  INFO 9460 --- [product-service] [springCloudBus.anonymous.1xAGUVxiTp66YvsUbM3QvA-16] o.s.a.r.c.CachingConnectionFactory       : Attempting to connect to: [localhost:5672]
