2025-11-14T06:33:06.825+05:30  INFO 24004 --- [user-service] [main] com.ecommerce.user.UserApplication       : Starting UserApplication using Java 21.0.8 with PID 24004 (C:\Users\gokul\Downloads\NehaDocs\ECOM_MICROSERVICES\ECOM_MICROSERVICES_PROJECT\ecom-microservices\user\target\classes started by gokul in C:\Users\gokul\Downloads\NehaDocs\ECOM_MICROSERVICES\ECOM_MICROSERVICES_PROJECT\ecom-microservices\user)
2025-11-14T06:33:06.830+05:30  INFO 24004 --- [user-service] [main] com.ecommerce.user.UserApplication       : No active profile set, falling back to 1 default profile: "default"
2025-11-14T06:33:06.934+05:30  INFO 24004 --- [user-service] [main] o.s.c.c.c.ConfigServerConfigDataLoader   : Fetching config from server at : http://localhost:8888
2025-11-14T06:33:06.935+05:30  INFO 24004 --- [user-service] [main] o.s.c.c.c.ConfigServerConfigDataLoader   : Located environment: name=user-service, profiles=[default], label=null, version=459af96c55808fd2a8e785c78e4e6964e2302834, state=
2025-11-14T06:33:09.284+05:30  INFO 24004 --- [user-service] [main] .s.d.r.c.RepositoryConfigurationDelegate : Bootstrapping Spring Data MongoDB repositories in DEFAULT mode.
2025-11-14T06:33:09.611+05:30  INFO 24004 --- [user-service] [main] .s.d.r.c.RepositoryConfigurationDelegate : Finished Spring Data repository scanning in 306 ms. Found 1 MongoDB repository interface.
2025-11-14T06:33:10.108+05:30  INFO 24004 --- [user-service] [main] faultConfiguringBeanFactoryPostProcessor : No bean named 'errorChannel' has been explicitly defined. Therefore, a default PublishSubscribeChannel will be created.
2025-11-14T06:33:10.121+05:30  INFO 24004 --- [user-service] [main] faultConfiguringBeanFactoryPostProcessor : No bean named 'integrationHeaderChannelRegistry' has been explicitly defined. Therefore, a default DefaultHeaderChannelRegistry will be created.
2025-11-14T06:33:10.322+05:30  INFO 24004 --- [user-service] [main] o.s.cloud.context.scope.GenericScope     : BeanFactory id=2eaabb96-77b0-39bc-9206-c641c519bfdf
2025-11-14T06:33:11.044+05:30  INFO 24004 --- [user-service] [main] o.s.b.w.embedded.tomcat.TomcatWebServer  : Tomcat initialized with port 8082 (http)
2025-11-14T06:33:11.075+05:30  INFO 24004 --- [user-service] [main] o.apache.catalina.core.StandardService   : Starting service [Tomcat]
2025-11-14T06:33:11.076+05:30  INFO 24004 --- [user-service] [main] o.apache.catalina.core.StandardEngine    : Starting Servlet engine: [Apache Tomcat/10.1.46]
2025-11-14T06:33:11.236+05:30  INFO 24004 --- [user-service] [main] o.a.c.c.C.[Tomcat].[localhost].[/]       : Initializing Spring embedded WebApplicationContext
2025-11-14T06:33:11.237+05:30  INFO 24004 --- [user-service] [main] w.s.c.ServletWebServerApplicationContext : Root WebApplicationContext: initialization completed in 4296 ms
2025-11-14T06:33:12.058+05:30  INFO 24004 --- [user-service] [cluster-ClusterId{value='69167fcf118b93677b844ca8', description='user-data'}-srv-user-data.pd65ncb.mongodb.net] org.mongodb.driver.cluster               : Adding discovered server ac-emimohm-shard-00-01.pd65ncb.mongodb.net:27017 to client view of cluster
2025-11-14T06:33:12.186+05:30  INFO 24004 --- [user-service] [main] org.mongodb.driver.client                : MongoClient with metadata {"application": {"name": "user-data"}, "driver": {"name": "mongo-java-driver|sync|spring-boot", "version": "5.5.1"}, "os": {"type": "Windows", "name": "Windows 11", "architecture": "amd64", "version": "10.0"}, "platform": "Java/Eclipse Adoptium/21.0.8+9-LTS"} created with settings MongoClientSettings{readPreference=primary, writeConcern=WriteConcern{w=null, wTimeout=null ms, journal=null}, retryWrites=true, retryReads=true, readConcern=ReadConcern{level=null}, credential=MongoCredential{mechanism=null, userName='NNANDURK', source='admin', password=<hidden>, mechanismProperties=<hidden>}, transportSettings=null, commandListeners=[io.micrometer.core.instrument.binder.mongodb.MongoMetricsCommandListener@79b4cff], codecRegistry=ProvidersCodecRegistry{codecProviders=[ValueCodecProvider{}, BsonValueCodecProvider{}, DBRefCodecProvider{}, DBObjectCodecProvider{}, DocumentCodecProvider{}, CollectionCodecProvider{}, IterableCodecProvider{}, MapCodecProvider{}, GeoJsonCodecProvider{}, GridFSFileCodecProvider{}, Jsr310CodecProvider{}, JsonObjectCodecProvider{}, BsonCodecProvider{}, EnumCodecProvider{}, com.mongodb.client.model.mql.ExpressionCodecProvider@58ac0823, com.mongodb.Jep395RecordCodecProvider@2d705998, com.mongodb.KotlinCodecProvider@28a3fc34]}, loggerSettings=LoggerSettings{maxDocumentLength=1000}, clusterSettings={hosts=[127.0.0.1:27017], srvHost=user-data.pd65ncb.mongodb.net, srvServiceName=mongodb, mode=MULTIPLE, requiredClusterType=REPLICA_SET, requiredReplicaSetName='atlas-oxrd2x-shard-0', serverSelector='null', clusterListeners='[]', serverSelectionTimeout='30000 ms', localThreshold='15 ms'}, socketSettings=SocketSettings{connectTimeoutMS=10000, readTimeoutMS=0, receiveBufferSize=0, proxySettings=ProxySettings{host=null, port=null, username=null, password=null}}, heartbeatSocketSettings=SocketSettings{connectTimeoutMS=10000, readTimeoutMS=10000, receiveBufferSize=0, proxySettings=ProxySettings{host=null, port=null, username=null, password=null}}, connectionPoolSettings=ConnectionPoolSettings{maxSize=100, minSize=0, maxWaitTimeMS=120000, maxConnectionLifeTimeMS=0, maxConnectionIdleTimeMS=0, maintenanceInitialDelayMS=0, maintenanceFrequencyMS=60000, connectionPoolListeners=[io.micrometer.core.instrument.binder.mongodb.MongoMetricsConnectionPoolListener@7582a16b], maxConnecting=2}, serverSettings=ServerSettings{heartbeatFrequencyMS=10000, minHeartbeatFrequencyMS=500, serverMonitoringMode=AUTO, serverListeners='[]', serverMonitorListeners='[]'}, sslSettings=SslSettings{enabled=true, invalidHostNameAllowed=false, context=null}, applicationName='user-data', compressorList=[], uuidRepresentation=JAVA_LEGACY, serverApi=null, autoEncryptionSettings=null, dnsClient=null, inetAddressResolver=null, contextProvider=null, timeoutMS=null}
2025-11-14T06:33:12.223+05:30  INFO 24004 --- [user-service] [cluster-ClusterId{value='69167fcf118b93677b844ca8', description='user-data'}-srv-user-data.pd65ncb.mongodb.net] org.mongodb.driver.cluster               : Adding discovered server ac-emimohm-shard-00-00.pd65ncb.mongodb.net:27017 to client view of cluster
2025-11-14T06:33:12.228+05:30  INFO 24004 --- [user-service] [cluster-ClusterId{value='69167fcf118b93677b844ca8', description='user-data'}-srv-user-data.pd65ncb.mongodb.net] org.mongodb.driver.cluster               : Adding discovered server ac-emimohm-shard-00-02.pd65ncb.mongodb.net:27017 to client view of cluster
2025-11-14T06:33:13.053+05:30  INFO 24004 --- [user-service] [cluster-ClusterId{value='69167fcf118b93677b844ca8', description='user-data'}-ac-emimohm-shard-00-01.pd65ncb.mongodb.net:27017] org.mongodb.driver.cluster               : Monitor thread successfully connected to server with description ServerDescription{address=ac-emimohm-shard-00-01.pd65ncb.mongodb.net:27017, type=REPLICA_SET_SECONDARY, cryptd=false, state=CONNECTED, ok=true, minWireVersion=0, maxWireVersion=25, maxDocumentSize=16777216, logicalSessionTimeoutMinutes=30, roundTripTimeNanos=511198100, minRoundTripTimeNanos=0, setName='atlas-oxrd2x-shard-0', canonicalAddress=ac-emimohm-shard-00-01.pd65ncb.mongodb.net:27017, hosts=[ac-emimohm-shard-00-00.pd65ncb.mongodb.net:27017, ac-emimohm-shard-00-01.pd65ncb.mongodb.net:27017, ac-emimohm-shard-00-02.pd65ncb.mongodb.net:27017], passives=[], arbiters=[], primary='ac-emimohm-shard-00-02.pd65ncb.mongodb.net:27017', tagSet=TagSet{[Tag{name='availabilityZone', value='aps1-az3'}, Tag{name='diskState', value='READY'}, Tag{name='nodeType', value='ELECTABLE'}, Tag{name='provider', value='AWS'}, Tag{name='region', value='AP_SOUTH_1'}, Tag{name='workloadType', value='OPERATIONAL'}]}, electionId=null, setVersion=182, topologyVersion=TopologyVersion{processId=6914c64139f720cf715526c3, counter=3}, lastWriteDate=Fri Nov 14 06:33:12 IST 2025, lastUpdateTimeNanos=604885183018200}
2025-11-14T06:33:13.053+05:30  INFO 24004 --- [user-service] [cluster-ClusterId{value='69167fcf118b93677b844ca8', description='user-data'}-ac-emimohm-shard-00-00.pd65ncb.mongodb.net:27017] org.mongodb.driver.cluster               : Monitor thread successfully connected to server with description ServerDescription{address=ac-emimohm-shard-00-00.pd65ncb.mongodb.net:27017, type=REPLICA_SET_SECONDARY, cryptd=false, state=CONNECTED, ok=true, minWireVersion=0, maxWireVersion=25, maxDocumentSize=16777216, logicalSessionTimeoutMinutes=30, roundTripTimeNanos=511338900, minRoundTripTimeNanos=0, setName='atlas-oxrd2x-shard-0', canonicalAddress=ac-emimohm-shard-00-00.pd65ncb.mongodb.net:27017, hosts=[ac-emimohm-shard-00-00.pd65ncb.mongodb.net:27017, ac-emimohm-shard-00-01.pd65ncb.mongodb.net:27017, ac-emimohm-shard-00-02.pd65ncb.mongodb.net:27017], passives=[], arbiters=[], primary='ac-emimohm-shard-00-02.pd65ncb.mongodb.net:27017', tagSet=TagSet{[Tag{name='availabilityZone', value='aps1-az1'}, Tag{name='diskState', value='READY'}, Tag{name='nodeType', value='ELECTABLE'}, Tag{name='provider', value='AWS'}, Tag{name='region', value='AP_SOUTH_1'}, Tag{name='workloadType', value='OPERATIONAL'}]}, electionId=null, setVersion=182, topologyVersion=TopologyVersion{processId=6914c05d66784b3740d5c704, counter=4}, lastWriteDate=Fri Nov 14 06:33:12 IST 2025, lastUpdateTimeNanos=604885183176600}
2025-11-14T06:33:13.054+05:30  INFO 24004 --- [user-service] [cluster-ClusterId{value='69167fcf118b93677b844ca8', description='user-data'}-ac-emimohm-shard-00-02.pd65ncb.mongodb.net:27017] org.mongodb.driver.cluster               : Monitor thread successfully connected to server with description ServerDescription{address=ac-emimohm-shard-00-02.pd65ncb.mongodb.net:27017, type=REPLICA_SET_PRIMARY, cryptd=false, state=CONNECTED, ok=true, minWireVersion=0, maxWireVersion=25, maxDocumentSize=16777216, logicalSessionTimeoutMinutes=30, roundTripTimeNanos=511267500, minRoundTripTimeNanos=0, setName='atlas-oxrd2x-shard-0', canonicalAddress=ac-emimohm-shard-00-02.pd65ncb.mongodb.net:27017, hosts=[ac-emimohm-shard-00-00.pd65ncb.mongodb.net:27017, ac-emimohm-shard-00-01.pd65ncb.mongodb.net:27017, ac-emimohm-shard-00-02.pd65ncb.mongodb.net:27017], passives=[], arbiters=[], primary='ac-emimohm-shard-00-02.pd65ncb.mongodb.net:27017', tagSet=TagSet{[Tag{name='availabilityZone', value='aps1-az2'}, Tag{name='diskState', value='READY'}, Tag{name='nodeType', value='ELECTABLE'}, Tag{name='provider', value='AWS'}, Tag{name='region', value='AP_SOUTH_1'}, Tag{name='workloadType', value='OPERATIONAL'}]}, electionId=7fffffff0000000000000234, setVersion=182, topologyVersion=TopologyVersion{processId=6914c38d2260b83f2a34b58e, counter=6}, lastWriteDate=Fri Nov 14 06:33:12 IST 2025, lastUpdateTimeNanos=604885183018200}
2025-11-14T06:33:13.072+05:30  INFO 24004 --- [user-service] [cluster-ClusterId{value='69167fcf118b93677b844ca8', description='user-data'}-ac-emimohm-shard-00-02.pd65ncb.mongodb.net:27017] org.mongodb.driver.cluster               : Discovered replica set primary ac-emimohm-shard-00-02.pd65ncb.mongodb.net:27017 with max election id 7fffffff0000000000000234 and max set version 182
2025-11-14T06:33:14.672+05:30  WARN 24004 --- [user-service] [main] c.f.c.c.BeanFactoryAwareFunctionRegistry : Failed to locate function 'busConsumer' for function definition 'busConsumer'. Returning null.
2025-11-14T06:33:14.821+05:30  INFO 24004 --- [user-service] [main] o.s.c.s.m.DirectWithAttributesChannel    : Channel 'user-service.springCloudBusInput' has 1 subscriber(s).
2025-11-14T06:33:15.251+05:30  INFO 24004 --- [user-service] [main] DiscoveryClientOptionalArgsConfiguration : Eureka HTTP Client uses RestTemplate.
2025-11-14T06:33:15.359+05:30  WARN 24004 --- [user-service] [main] iguration$LoadBalancerCaffeineWarnLogger : Spring Cloud LoadBalancer is currently working with the default cache. While this cache implementation is useful for development and tests, it's recommended to use Caffeine cache in production.You can switch to using Caffeine cache, by adding it and org.springframework.cache.caffeine.CaffeineCacheManager to the classpath.
2025-11-14T06:33:15.379+05:30  INFO 24004 --- [user-service] [main] o.s.b.a.e.web.EndpointLinksResolver      : Exposing 24 endpoints beneath base path '/actuator'
2025-11-14T06:33:15.582+05:30  INFO 24004 --- [user-service] [main] o.s.i.endpoint.EventDrivenConsumer       : Adding {logging-channel-adapter:_org.springframework.integration.errorLogger} as a subscriber to the 'errorChannel' channel
2025-11-14T06:33:15.582+05:30  INFO 24004 --- [user-service] [main] o.s.i.channel.PublishSubscribeChannel    : Channel 'user-service.errorChannel' has 1 subscriber(s).
2025-11-14T06:33:15.583+05:30  INFO 24004 --- [user-service] [main] o.s.i.endpoint.EventDrivenConsumer       : started bean '_org.springframework.integration.errorLogger'
2025-11-14T06:33:15.712+05:30  INFO 24004 --- [user-service] [main] o.s.c.n.eureka.InstanceInfoFactory       : Setting initial instance status as: STARTING
2025-11-14T06:33:15.786+05:30  INFO 24004 --- [user-service] [main] com.netflix.discovery.DiscoveryClient    : Initializing Eureka in region us-east-1
2025-11-14T06:33:15.804+05:30  INFO 24004 --- [user-service] [main] c.n.d.s.r.aws.ConfigClusterResolver      : Resolving eureka endpoints via configuration
2025-11-14T06:33:15.826+05:30  INFO 24004 --- [user-service] [main] com.netflix.discovery.DiscoveryClient    : Disable delta property : false
2025-11-14T06:33:15.826+05:30  INFO 24004 --- [user-service] [main] com.netflix.discovery.DiscoveryClient    : Single vip registry refresh property : null
2025-11-14T06:33:15.826+05:30  INFO 24004 --- [user-service] [main] com.netflix.discovery.DiscoveryClient    : Force full registry fetch : false
2025-11-14T06:33:15.827+05:30  INFO 24004 --- [user-service] [main] com.netflix.discovery.DiscoveryClient    : Application is null : false
2025-11-14T06:33:15.827+05:30  INFO 24004 --- [user-service] [main] com.netflix.discovery.DiscoveryClient    : Registered Applications size is zero : true
2025-11-14T06:33:15.827+05:30  INFO 24004 --- [user-service] [main] com.netflix.discovery.DiscoveryClient    : Application version is -1: true
2025-11-14T06:33:15.827+05:30  INFO 24004 --- [user-service] [main] com.netflix.discovery.DiscoveryClient    : Getting all instance registry info from the eureka server
2025-11-14T06:33:16.320+05:30  INFO 24004 --- [user-service] [main] com.netflix.discovery.DiscoveryClient    : The response status is 200
2025-11-14T06:33:16.323+05:30  INFO 24004 --- [user-service] [main] com.netflix.discovery.DiscoveryClient    : Starting heartbeat executor: renew interval is: 30
2025-11-14T06:33:16.330+05:30  INFO 24004 --- [user-service] [main] c.n.discovery.InstanceInfoReplicator     : InstanceInfoReplicator onDemand update allowed rate per min is 4
2025-11-14T06:33:16.334+05:30  INFO 24004 --- [user-service] [main] com.netflix.discovery.DiscoveryClient    : Discovery Client initialized at timestamp 1763082196334 with initial instances count: 0
2025-11-14T06:33:16.339+05:30  INFO 24004 --- [user-service] [main] o.s.c.n.e.s.EurekaServiceRegistry        : Registering application USER-SERVICE with eureka with status UP
2025-11-14T06:33:16.341+05:30  INFO 24004 --- [user-service] [main] com.netflix.discovery.DiscoveryClient    : Saw local status change event StatusChangeEvent [timestamp=1763082196341, current=UP, previous=STARTING]
2025-11-14T06:33:16.348+05:30  INFO 24004 --- [user-service] [main] o.s.c.s.binder.DefaultBinderFactory      : Creating binder: rabbit
2025-11-14T06:33:16.348+05:30  INFO 24004 --- [user-service] [DiscoveryClient-InstanceInfoReplicator-%d] com.netflix.discovery.DiscoveryClient    : DiscoveryClient_USER-SERVICE/GocoolsPC.mshome.net:user-service:8082: registering service...
2025-11-14T06:33:16.348+05:30  INFO 24004 --- [user-service] [main] o.s.c.s.binder.DefaultBinderFactory      : Constructing binder child context for rabbit
2025-11-14T06:33:16.647+05:30  INFO 24004 --- [user-service] [DiscoveryClient-InstanceInfoReplicator-%d] com.netflix.discovery.DiscoveryClient    : DiscoveryClient_USER-SERVICE/GocoolsPC.mshome.net:user-service:8082 - registration status: 204
2025-11-14T06:33:16.657+05:30  INFO 24004 --- [user-service] [main] o.s.c.s.binder.DefaultBinderFactory      : Caching the binder: rabbit
2025-11-14T06:33:16.699+05:30  INFO 24004 --- [user-service] [main] c.s.b.r.p.RabbitExchangeQueueProvisioner : declaring queue for inbound: springCloudBus.anonymous.olOmrwnVS5Gqjj1Af4KIxQ, bound to: springCloudBus
2025-11-14T06:33:16.716+05:30  INFO 24004 --- [user-service] [main] o.s.a.r.c.CachingConnectionFactory       : Attempting to connect to: [localhost:5672]
2025-11-14T06:33:16.767+05:30  INFO 24004 --- [user-service] [main] o.s.a.r.c.CachingConnectionFactory       : Attempting to connect to: [localhost:5672]
2025-11-14T06:33:16.798+05:30  INFO 24004 --- [user-service] [main] o.s.a.r.c.CachingConnectionFactory       : Attempting to connect to: [localhost:5672]
2025-11-14T06:33:16.853+05:30  INFO 24004 --- [user-service] [main] o.s.c.stream.binder.BinderErrorChannel   : Channel 'rabbit-524336000.springCloudBusInput.errors' has 1 subscriber(s).
2025-11-14T06:33:16.854+05:30  INFO 24004 --- [user-service] [main] o.s.c.stream.binder.BinderErrorChannel   : Channel 'rabbit-524336000.springCloudBusInput.errors' has 2 subscriber(s).
2025-11-14T06:33:16.859+05:30  INFO 24004 --- [user-service] [main] o.s.a.r.c.CachingConnectionFactory       : Attempting to connect to: [localhost:5672]
2025-11-14T06:33:16.873+05:30  INFO 24004 --- [user-service] [main] o.s.a.r.l.SimpleMessageListenerContainer : Broker not available; cannot force queue declarations during start: java.net.ConnectException: Connection refused: getsockopt
2025-11-14T06:33:16.887+05:30  INFO 24004 --- [user-service] [springCloudBus.anonymous.olOmrwnVS5Gqjj1Af4KIxQ-1] o.s.a.r.c.CachingConnectionFactory       : Attempting to connect to: [localhost:5672]
2025-11-14T06:33:16.889+05:30  INFO 24004 --- [user-service] [main] o.s.i.a.i.AmqpInboundChannelAdapter      : started bean 'inbound.springCloudBus.anonymous.olOmrwnVS5Gqjj1Af4KIxQ'
2025-11-14T06:33:16.920+05:30  INFO 24004 --- [user-service] [main] o.s.b.w.embedded.tomcat.TomcatWebServer  : Tomcat started on port 8082 (http) with context path '/'
2025-11-14T06:33:16.921+05:30  INFO 24004 --- [user-service] [main] .s.c.n.e.s.EurekaAutoServiceRegistration : Updating port to 8082
2025-11-14T06:33:17.033+05:30  INFO 24004 --- [user-service] [main] com.ecommerce.user.UserApplication       : Started UserApplication in 15.767 seconds (process running for 16.958)
2025-11-14T06:33:22.000+05:30  WARN 24004 --- [user-service] [springCloudBus.anonymous.olOmrwnVS5Gqjj1Af4KIxQ-1] o.s.a.r.l.SimpleMessageListenerContainer : Consumer raised exception, processing can restart if the connection factory supports it. Exception summary: org.springframework.amqp.AmqpConnectException: java.net.ConnectException: Connection refused: getsockopt
2025-11-14T06:33:22.007+05:30  INFO 24004 --- [user-service] [springCloudBus.anonymous.olOmrwnVS5Gqjj1Af4KIxQ-1] o.s.a.r.l.SimpleMessageListenerContainer : Restarting Consumer@79122f5f: tags=[[]], channel=null, acknowledgeMode=AUTO local queue size=0
2025-11-14T06:33:22.012+05:30  INFO 24004 --- [user-service] [springCloudBus.anonymous.olOmrwnVS5Gqjj1Af4KIxQ-2] o.s.a.r.c.CachingConnectionFactory       : Attempting to connect to: [localhost:5672]
2025-11-14T06:33:27.143+05:30  WARN 24004 --- [user-service] [springCloudBus.anonymous.olOmrwnVS5Gqjj1Af4KIxQ-2] o.s.a.r.l.SimpleMessageListenerContainer : Consumer raised exception, processing can restart if the connection factory supports it. Exception summary: org.springframework.amqp.AmqpConnectException: java.net.ConnectException: Connection refused: getsockopt
2025-11-14T06:33:27.145+05:30  INFO 24004 --- [user-service] [springCloudBus.anonymous.olOmrwnVS5Gqjj1Af4KIxQ-2] o.s.a.r.l.SimpleMessageListenerContainer : Restarting Consumer@61658fd0: tags=[[]], channel=null, acknowledgeMode=AUTO local queue size=0
2025-11-14T06:33:27.148+05:30  INFO 24004 --- [user-service] [springCloudBus.anonymous.olOmrwnVS5Gqjj1Af4KIxQ-3] o.s.a.r.c.CachingConnectionFactory       : Attempting to connect to: [localhost:5672]
2025-11-14T06:33:32.298+05:30  WARN 24004 --- [user-service] [springCloudBus.anonymous.olOmrwnVS5Gqjj1Af4KIxQ-3] o.s.a.r.l.SimpleMessageListenerContainer : Consumer raised exception, processing can restart if the connection factory supports it. Exception summary: org.springframework.amqp.AmqpConnectException: java.net.ConnectException: Connection refused: getsockopt
2025-11-14T06:33:32.299+05:30  INFO 24004 --- [user-service] [springCloudBus.anonymous.olOmrwnVS5Gqjj1Af4KIxQ-3] o.s.a.r.l.SimpleMessageListenerContainer : Restarting Consumer@56bf1b19: tags=[[]], channel=null, acknowledgeMode=AUTO local queue size=0
2025-11-14T06:33:32.304+05:30  INFO 24004 --- [user-service] [springCloudBus.anonymous.olOmrwnVS5Gqjj1Af4KIxQ-4] o.s.a.r.c.CachingConnectionFactory       : Attempting to connect to: [localhost:5672]
2025-11-14T06:33:37.434+05:30  WARN 24004 --- [user-service] [springCloudBus.anonymous.olOmrwnVS5Gqjj1Af4KIxQ-4] o.s.a.r.l.SimpleMessageListenerContainer : Consumer raised exception, processing can restart if the connection factory supports it. Exception summary: org.springframework.amqp.AmqpConnectException: java.net.ConnectException: Connection refused: getsockopt
2025-11-14T06:33:37.435+05:30  INFO 24004 --- [user-service] [springCloudBus.anonymous.olOmrwnVS5Gqjj1Af4KIxQ-4] o.s.a.r.l.SimpleMessageListenerContainer : Restarting Consumer@104da8fa: tags=[[]], channel=null, acknowledgeMode=AUTO local queue size=0
2025-11-14T06:33:37.439+05:30  INFO 24004 --- [user-service] [springCloudBus.anonymous.olOmrwnVS5Gqjj1Af4KIxQ-5] o.s.a.r.c.CachingConnectionFactory       : Attempting to connect to: [localhost:5672]
2025-11-14T06:33:42.598+05:30  WARN 24004 --- [user-service] [springCloudBus.anonymous.olOmrwnVS5Gqjj1Af4KIxQ-5] o.s.a.r.l.SimpleMessageListenerContainer : Consumer raised exception, processing can restart if the connection factory supports it. Exception summary: org.springframework.amqp.AmqpConnectException: java.net.ConnectException: Connection refused: getsockopt
2025-11-14T06:33:42.598+05:30  INFO 24004 --- [user-service] [springCloudBus.anonymous.olOmrwnVS5Gqjj1Af4KIxQ-5] o.s.a.r.l.SimpleMessageListenerContainer : Restarting Consumer@49fe04eb: tags=[[]], channel=null, acknowledgeMode=AUTO local queue size=0
2025-11-14T06:33:42.600+05:30  INFO 24004 --- [user-service] [springCloudBus.anonymous.olOmrwnVS5Gqjj1Af4KIxQ-6] o.s.a.r.c.CachingConnectionFactory       : Attempting to connect to: [localhost:5672]
2025-11-14T06:33:46.329+05:30  INFO 24004 --- [user-service] [DiscoveryClient-CacheRefreshExecutor-%d] com.netflix.discovery.DiscoveryClient    : Disable delta property : false
2025-11-14T06:33:46.330+05:30  INFO 24004 --- [user-service] [DiscoveryClient-CacheRefreshExecutor-%d] com.netflix.discovery.DiscoveryClient    : Single vip registry refresh property : null
2025-11-14T06:33:46.331+05:30  INFO 24004 --- [user-service] [DiscoveryClient-CacheRefreshExecutor-%d] com.netflix.discovery.DiscoveryClient    : Force full registry fetch : false
2025-11-14T06:33:46.331+05:30  INFO 24004 --- [user-service] [DiscoveryClient-CacheRefreshExecutor-%d] com.netflix.discovery.DiscoveryClient    : Application is null : false
2025-11-14T06:33:46.331+05:30  INFO 24004 --- [user-service] [DiscoveryClient-CacheRefreshExecutor-%d] com.netflix.discovery.DiscoveryClient    : Registered Applications size is zero : true
2025-11-14T06:33:46.331+05:30  INFO 24004 --- [user-service] [DiscoveryClient-CacheRefreshExecutor-%d] com.netflix.discovery.DiscoveryClient    : Application version is -1: false
2025-11-14T06:33:46.331+05:30  INFO 24004 --- [user-service] [DiscoveryClient-CacheRefreshExecutor-%d] com.netflix.discovery.DiscoveryClient    : Getting all instance registry info from the eureka server
2025-11-14T06:33:46.383+05:30  INFO 24004 --- [user-service] [DiscoveryClient-CacheRefreshExecutor-%d] com.netflix.discovery.DiscoveryClient    : The response status is 200
2025-11-14T06:33:47.777+05:30  WARN 24004 --- [user-service] [springCloudBus.anonymous.olOmrwnVS5Gqjj1Af4KIxQ-6] o.s.a.r.l.SimpleMessageListenerContainer : Consumer raised exception, processing can restart if the connection factory supports it. Exception summary: org.springframework.amqp.AmqpConnectException: java.net.ConnectException: Connection refused: getsockopt
2025-11-14T06:33:47.778+05:30  INFO 24004 --- [user-service] [springCloudBus.anonymous.olOmrwnVS5Gqjj1Af4KIxQ-6] o.s.a.r.l.SimpleMessageListenerContainer : Restarting Consumer@38ceca2b: tags=[[]], channel=null, acknowledgeMode=AUTO local queue size=0
2025-11-14T06:33:47.781+05:30  INFO 24004 --- [user-service] [springCloudBus.anonymous.olOmrwnVS5Gqjj1Af4KIxQ-7] o.s.a.r.c.CachingConnectionFactory       : Attempting to connect to: [localhost:5672]
2025-11-14T06:33:52.886+05:30  WARN 24004 --- [user-service] [springCloudBus.anonymous.olOmrwnVS5Gqjj1Af4KIxQ-7] o.s.a.r.l.SimpleMessageListenerContainer : Consumer raised exception, processing can restart if the connection factory supports it. Exception summary: org.springframework.amqp.AmqpConnectException: java.net.ConnectException: Connection refused: getsockopt
2025-11-14T06:33:52.887+05:30  INFO 24004 --- [user-service] [springCloudBus.anonymous.olOmrwnVS5Gqjj1Af4KIxQ-7] o.s.a.r.l.SimpleMessageListenerContainer : Restarting Consumer@7d495e12: tags=[[]], channel=null, acknowledgeMode=AUTO local queue size=0
2025-11-14T06:33:52.890+05:30  INFO 24004 --- [user-service] [springCloudBus.anonymous.olOmrwnVS5Gqjj1Af4KIxQ-8] o.s.a.r.c.CachingConnectionFactory       : Attempting to connect to: [localhost:5672]
2025-11-14T06:33:58.003+05:30  WARN 24004 --- [user-service] [springCloudBus.anonymous.olOmrwnVS5Gqjj1Af4KIxQ-8] o.s.a.r.l.SimpleMessageListenerContainer : Consumer raised exception, processing can restart if the connection factory supports it. Exception summary: org.springframework.amqp.AmqpConnectException: java.net.ConnectException: Connection refused: getsockopt
2025-11-14T06:33:58.004+05:30  INFO 24004 --- [user-service] [springCloudBus.anonymous.olOmrwnVS5Gqjj1Af4KIxQ-8] o.s.a.r.l.SimpleMessageListenerContainer : Restarting Consumer@50bd727a: tags=[[]], channel=null, acknowledgeMode=AUTO local queue size=0
2025-11-14T06:33:58.007+05:30  INFO 24004 --- [user-service] [springCloudBus.anonymous.olOmrwnVS5Gqjj1Af4KIxQ-9] o.s.a.r.c.CachingConnectionFactory       : Attempting to connect to: [localhost:5672]
2025-11-14T06:34:03.119+05:30  WARN 24004 --- [user-service] [springCloudBus.anonymous.olOmrwnVS5Gqjj1Af4KIxQ-9] o.s.a.r.l.SimpleMessageListenerContainer : Consumer raised exception, processing can restart if the connection factory supports it. Exception summary: org.springframework.amqp.AmqpConnectException: java.net.ConnectException: Connection refused: getsockopt
2025-11-14T06:34:03.120+05:30  INFO 24004 --- [user-service] [springCloudBus.anonymous.olOmrwnVS5Gqjj1Af4KIxQ-9] o.s.a.r.l.SimpleMessageListenerContainer : Restarting Consumer@19e3befa: tags=[[]], channel=null, acknowledgeMode=AUTO local queue size=0
2025-11-14T06:34:03.121+05:30  INFO 24004 --- [user-service] [springCloudBus.anonymous.olOmrwnVS5Gqjj1Af4KIxQ-10] o.s.a.r.c.CachingConnectionFactory       : Attempting to connect to: [localhost:5672]
2025-11-14T06:34:08.221+05:30  WARN 24004 --- [user-service] [springCloudBus.anonymous.olOmrwnVS5Gqjj1Af4KIxQ-10] o.s.a.r.l.SimpleMessageListenerContainer : Consumer raised exception, processing can restart if the connection factory supports it. Exception summary: org.springframework.amqp.AmqpConnectException: java.net.ConnectException: Connection refused: getsockopt
2025-11-14T06:34:08.221+05:30  INFO 24004 --- [user-service] [springCloudBus.anonymous.olOmrwnVS5Gqjj1Af4KIxQ-10] o.s.a.r.l.SimpleMessageListenerContainer : Restarting Consumer@32923c9f: tags=[[]], channel=null, acknowledgeMode=AUTO local queue size=0
2025-11-14T06:34:08.223+05:30  INFO 24004 --- [user-service] [springCloudBus.anonymous.olOmrwnVS5Gqjj1Af4KIxQ-11] o.s.a.r.c.CachingConnectionFactory       : Attempting to connect to: [localhost:5672]
2025-11-14T06:34:13.353+05:30  WARN 24004 --- [user-service] [springCloudBus.anonymous.olOmrwnVS5Gqjj1Af4KIxQ-11] o.s.a.r.l.SimpleMessageListenerContainer : Consumer raised exception, processing can restart if the connection factory supports it. Exception summary: org.springframework.amqp.AmqpConnectException: java.net.ConnectException: Connection refused: getsockopt
2025-11-14T06:34:13.354+05:30  INFO 24004 --- [user-service] [springCloudBus.anonymous.olOmrwnVS5Gqjj1Af4KIxQ-11] o.s.a.r.l.SimpleMessageListenerContainer : Restarting Consumer@4f01cfc7: tags=[[]], channel=null, acknowledgeMode=AUTO local queue size=0
2025-11-14T06:34:13.358+05:30  INFO 24004 --- [user-service] [springCloudBus.anonymous.olOmrwnVS5Gqjj1Af4KIxQ-12] o.s.a.r.c.CachingConnectionFactory       : Attempting to connect to: [localhost:5672]
2025-11-14T06:34:18.451+05:30  WARN 24004 --- [user-service] [springCloudBus.anonymous.olOmrwnVS5Gqjj1Af4KIxQ-12] o.s.a.r.l.SimpleMessageListenerContainer : Consumer raised exception, processing can restart if the connection factory supports it. Exception summary: org.springframework.amqp.AmqpConnectException: java.net.ConnectException: Connection refused: getsockopt
2025-11-14T06:34:18.452+05:30  INFO 24004 --- [user-service] [springCloudBus.anonymous.olOmrwnVS5Gqjj1Af4KIxQ-12] o.s.a.r.l.SimpleMessageListenerContainer : Restarting Consumer@3eac5301: tags=[[]], channel=null, acknowledgeMode=AUTO local queue size=0
2025-11-14T06:34:18.456+05:30  INFO 24004 --- [user-service] [springCloudBus.anonymous.olOmrwnVS5Gqjj1Af4KIxQ-13] o.s.a.r.c.CachingConnectionFactory       : Attempting to connect to: [localhost:5672]
2025-11-14T06:34:23.583+05:30  WARN 24004 --- [user-service] [springCloudBus.anonymous.olOmrwnVS5Gqjj1Af4KIxQ-13] o.s.a.r.l.SimpleMessageListenerContainer : Consumer raised exception, processing can restart if the connection factory supports it. Exception summary: org.springframework.amqp.AmqpConnectException: java.net.ConnectException: Connection refused: getsockopt
2025-11-14T06:34:23.583+05:30  INFO 24004 --- [user-service] [springCloudBus.anonymous.olOmrwnVS5Gqjj1Af4KIxQ-13] o.s.a.r.l.SimpleMessageListenerContainer : Restarting Consumer@56d9955: tags=[[]], channel=null, acknowledgeMode=AUTO local queue size=0
2025-11-14T06:34:23.585+05:30  INFO 24004 --- [user-service] [springCloudBus.anonymous.olOmrwnVS5Gqjj1Af4KIxQ-14] o.s.a.r.c.CachingConnectionFactory       : Attempting to connect to: [localhost:5672]
2025-11-14T06:34:28.684+05:30  WARN 24004 --- [user-service] [springCloudBus.anonymous.olOmrwnVS5Gqjj1Af4KIxQ-14] o.s.a.r.l.SimpleMessageListenerContainer : Consumer raised exception, processing can restart if the connection factory supports it. Exception summary: org.springframework.amqp.AmqpConnectException: java.net.ConnectException: Connection refused: getsockopt
2025-11-14T06:34:28.684+05:30  INFO 24004 --- [user-service] [springCloudBus.anonymous.olOmrwnVS5Gqjj1Af4KIxQ-14] o.s.a.r.l.SimpleMessageListenerContainer : Restarting Consumer@1b005cb: tags=[[]], channel=null, acknowledgeMode=AUTO local queue size=0
2025-11-14T06:34:28.688+05:30  INFO 24004 --- [user-service] [springCloudBus.anonymous.olOmrwnVS5Gqjj1Af4KIxQ-15] o.s.a.r.c.CachingConnectionFactory       : Attempting to connect to: [localhost:5672]
2025-11-14T06:34:33.806+05:30  WARN 24004 --- [user-service] [springCloudBus.anonymous.olOmrwnVS5Gqjj1Af4KIxQ-15] o.s.a.r.l.SimpleMessageListenerContainer : Consumer raised exception, processing can restart if the connection factory supports it. Exception summary: org.springframework.amqp.AmqpConnectException: java.net.ConnectException: Connection refused: getsockopt
2025-11-14T06:34:33.807+05:30  INFO 24004 --- [user-service] [springCloudBus.anonymous.olOmrwnVS5Gqjj1Af4KIxQ-15] o.s.a.r.l.SimpleMessageListenerContainer : Restarting Consumer@3cc1ab1: tags=[[]], channel=null, acknowledgeMode=AUTO local queue size=0
2025-11-14T06:34:33.808+05:30  INFO 24004 --- [user-service] [springCloudBus.anonymous.olOmrwnVS5Gqjj1Af4KIxQ-16] o.s.a.r.c.CachingConnectionFactory       : Attempting to connect to: [localhost:5672]
2025-11-14T06:34:38.937+05:30  WARN 24004 --- [user-service] [springCloudBus.anonymous.olOmrwnVS5Gqjj1Af4KIxQ-16] o.s.a.r.l.SimpleMessageListenerContainer : Consumer raised exception, processing can restart if the connection factory supports it. Exception summary: org.springframework.amqp.AmqpConnectException: java.net.ConnectException: Connection refused: getsockopt
2025-11-14T06:34:38.939+05:30  INFO 24004 --- [user-service] [springCloudBus.anonymous.olOmrwnVS5Gqjj1Af4KIxQ-16] o.s.a.r.l.SimpleMessageListenerContainer : Restarting Consumer@6cbd7d0d: tags=[[]], channel=null, acknowledgeMode=AUTO local queue size=0
2025-11-14T06:34:38.944+05:30  INFO 24004 --- [user-service] [springCloudBus.anonymous.olOmrwnVS5Gqjj1Af4KIxQ-17] o.s.a.r.c.CachingConnectionFactory       : Attempting to connect to: [localhost:5672]
2025-11-14T06:34:44.049+05:30  WARN 24004 --- [user-service] [springCloudBus.anonymous.olOmrwnVS5Gqjj1Af4KIxQ-17] o.s.a.r.l.SimpleMessageListenerContainer : Consumer raised exception, processing can restart if the connection factory supports it. Exception summary: org.springframework.amqp.AmqpConnectException: java.net.ConnectException: Connection refused: getsockopt
2025-11-14T06:34:44.049+05:30  INFO 24004 --- [user-service] [springCloudBus.anonymous.olOmrwnVS5Gqjj1Af4KIxQ-17] o.s.a.r.l.SimpleMessageListenerContainer : Restarting Consumer@56238db9: tags=[[]], channel=null, acknowledgeMode=AUTO local queue size=0
2025-11-14T06:34:44.052+05:30  INFO 24004 --- [user-service] [springCloudBus.anonymous.olOmrwnVS5Gqjj1Af4KIxQ-18] o.s.a.r.c.CachingConnectionFactory       : Attempting to connect to: [localhost:5672]
2025-11-14T06:34:49.169+05:30  WARN 24004 --- [user-service] [springCloudBus.anonymous.olOmrwnVS5Gqjj1Af4KIxQ-18] o.s.a.r.l.SimpleMessageListenerContainer : Consumer raised exception, processing can restart if the connection factory supports it. Exception summary: org.springframework.amqp.AmqpConnectException: java.net.ConnectException: Connection refused: getsockopt
2025-11-14T06:34:49.170+05:30  INFO 24004 --- [user-service] [springCloudBus.anonymous.olOmrwnVS5Gqjj1Af4KIxQ-18] o.s.a.r.l.SimpleMessageListenerContainer : Restarting Consumer@58b567bf: tags=[[]], channel=null, acknowledgeMode=AUTO local queue size=0
2025-11-14T06:34:49.172+05:30  INFO 24004 --- [user-service] [springCloudBus.anonymous.olOmrwnVS5Gqjj1Af4KIxQ-19] o.s.a.r.c.CachingConnectionFactory       : Attempting to connect to: [localhost:5672]
2025-11-14T06:34:54.302+05:30  WARN 24004 --- [user-service] [springCloudBus.anonymous.olOmrwnVS5Gqjj1Af4KIxQ-19] o.s.a.r.l.SimpleMessageListenerContainer : Consumer raised exception, processing can restart if the connection factory supports it. Exception summary: org.springframework.amqp.AmqpConnectException: java.net.ConnectException: Connection refused: getsockopt
2025-11-14T06:34:54.302+05:30  INFO 24004 --- [user-service] [springCloudBus.anonymous.olOmrwnVS5Gqjj1Af4KIxQ-19] o.s.a.r.l.SimpleMessageListenerContainer : Restarting Consumer@3750fa70: tags=[[]], channel=null, acknowledgeMode=AUTO local queue size=0
2025-11-14T06:34:54.304+05:30  INFO 24004 --- [user-service] [springCloudBus.anonymous.olOmrwnVS5Gqjj1Af4KIxQ-20] o.s.a.r.c.CachingConnectionFactory       : Attempting to connect to: [localhost:5672]
2025-11-14T06:34:59.418+05:30  WARN 24004 --- [user-service] [springCloudBus.anonymous.olOmrwnVS5Gqjj1Af4KIxQ-20] o.s.a.r.l.SimpleMessageListenerContainer : Consumer raised exception, processing can restart if the connection factory supports it. Exception summary: org.springframework.amqp.AmqpConnectException: java.net.ConnectException: Connection refused: getsockopt
2025-11-14T06:34:59.418+05:30  INFO 24004 --- [user-service] [springCloudBus.anonymous.olOmrwnVS5Gqjj1Af4KIxQ-20] o.s.a.r.l.SimpleMessageListenerContainer : Restarting Consumer@4a910c8a: tags=[[]], channel=null, acknowledgeMode=AUTO local queue size=0
2025-11-14T06:34:59.420+05:30  INFO 24004 --- [user-service] [springCloudBus.anonymous.olOmrwnVS5Gqjj1Af4KIxQ-21] o.s.a.r.c.CachingConnectionFactory       : Attempting to connect to: [localhost:5672]
